<?xml version="1.0" encoding="UTF-8"?>
<!-- Generated by org.testng.reporters.JUnitReportReporter -->
<testsuite hostname="Lenovo-PC" failures="0" tests="4" name="saucescripts.DummyRunner" time="166.336" errors="0" timestamp="2025-01-08T11:38:03 IST" skipped="0">
  <testcase classname="saucescripts.DummyRunner" name="runScenario" time="37.104"/>
  <system-out/>
  <testcase classname="saucescripts.DummyRunner" name="runScenario" time="36.784"/>
  <system-out/>
  <testcase classname="saucescripts.DummyRunner" name="runScenario" time="43.994"/>
  <system-out/>
  <testcase classname="saucescripts.DummyRunner" name="runScenario" time="48.454"/>
  <system-out/>
</testsuite> <!-- saucescripts.DummyRunner -->
