<?xml version="1.0" encoding="UTF-8"?>
<!-- Generated by org.testng.reporters.JUnitReportReporter -->
<testsuite hostname="Lenovo-PC" failures="0" tests="4" name="saucescripts.DummyRunner" time="257.530" errors="0" timestamp="2025-01-03T20:09:29 IST" skipped="0">
  <testcase classname="saucescripts.DummyRunner" name="runScenario" time="62.849"/>
  <system-out/>
  <testcase classname="saucescripts.DummyRunner" name="runScenario" time="62.506"/>
  <system-out/>
  <testcase classname="saucescripts.DummyRunner" name="runScenario" time="64.360"/>
  <system-out/>
  <testcase classname="saucescripts.DummyRunner" name="runScenario" time="67.815"/>
  <system-out/>
</testsuite> <!-- saucescripts.DummyRunner -->
