<?xml version="1.0" encoding="UTF-8"?>
<!-- Generated by org.testng.reporters.JUnitReportReporter -->
<testsuite hostname="Lenovo-PC" failures="0" tests="1" name="checkingScript.DummyRunner" time="0.517" errors="0" timestamp="2024-12-30T09:48:02 IST" skipped="0">
  <testcase classname="checkingScript.DummyRunner" name="runScenario" time="0.517"/>
  <system-out/>
</testsuite> <!-- checkingScript.DummyRunner -->
